This is pdfTeX, Version 3.14159265-2.6-1.40.21 (TeX Live 2020) (preloaded format=pdflatex 2020.4.7)  4 DEC 2020 15:57
entering extended mode
 restricted \write18 enabled.
 %&-line parsing enabled.
**/private/var/folders/yn/14y1l5z55b18j7j3zmfjkrd40000gn/T/Rtmp0cBAkV/preview-1
84552981112.dir/flexplot_psychmeth.tex

(/private/var/folders/yn/14y1l5z55b18j7j3zmfjkrd40000gn/T/Rtmp0cBAkV/preview-18
4552981112.dir/flexplot_psychmeth.tex
LaTeX2e <2020-02-02> patch level 5
L3 programming layer <2020-03-06> (/usr/local/texlive/2020/texmf-dist/tex/latex
/apa6/apa6.cls
Document Class: apa6 2020/01/13 v2.34 APA formatting (6th edition)
(/usr/local/texlive/2020/texmf-dist/tex/latex/base/article.cls
Document Class: article 2019/12/20 v1.4l Standard LaTeX document class
(/usr/local/texlive/2020/texmf-dist/tex/latex/base/size12.clo
File: size12.clo 2019/12/20 v1.4l Standard LaTeX file (size option)
)
\c@part=\count167
\c@section=\count168
\c@subsection=\count169
\c@subsubsection=\count170
\c@paragraph=\count171
\c@subparagraph=\count172
\c@figure=\count173
\c@table=\count174
\abovecaptionskip=\skip47
\belowcaptionskip=\skip48
\bibindent=\dimen134
) (/usr/local/texlive/2020/texmf-dist/tex/latex/etoolbox/etoolbox.sty
Package: etoolbox 2019/09/21 v2.5h e-TeX tools for LaTeX (JAW)
\etb@tempcnta=\count175
)
Class apa6 Info: No bibliography package was specified; defaulting to (but not 
loading) Biblatex on input line 213.
(/usr/local/texlive/2020/texmf-dist/tex/latex/lm/lmodern.sty
Package: lmodern 2009/10/30 v1.6 Latin Modern Fonts
LaTeX Font Info:    Overwriting symbol font `operators' in version `normal'
(Font)                  OT1/cmr/m/n --> OT1/lmr/m/n on input line 22.
LaTeX Font Info:    Overwriting symbol font `letters' in version `normal'
(Font)                  OML/cmm/m/it --> OML/lmm/m/it on input line 23.
LaTeX Font Info:    Overwriting symbol font `symbols' in version `normal'
(Font)                  OMS/cmsy/m/n --> OMS/lmsy/m/n on input line 24.
LaTeX Font Info:    Overwriting symbol font `largesymbols' in version `normal'
(Font)                  OMX/cmex/m/n --> OMX/lmex/m/n on input line 25.
LaTeX Font Info:    Overwriting symbol font `operators' in version `bold'
(Font)                  OT1/cmr/bx/n --> OT1/lmr/bx/n on input line 26.
LaTeX Font Info:    Overwriting symbol font `letters' in version `bold'
(Font)                  OML/cmm/b/it --> OML/lmm/b/it on input line 27.
LaTeX Font Info:    Overwriting symbol font `symbols' in version `bold'
(Font)                  OMS/cmsy/b/n --> OMS/lmsy/b/n on input line 28.
LaTeX Font Info:    Overwriting symbol font `largesymbols' in version `bold'
(Font)                  OMX/cmex/m/n --> OMX/lmex/m/n on input line 29.
LaTeX Font Info:    Overwriting math alphabet `\mathbf' in version `normal'
(Font)                  OT1/cmr/bx/n --> OT1/lmr/bx/n on input line 31.
LaTeX Font Info:    Overwriting math alphabet `\mathsf' in version `normal'
(Font)                  OT1/cmss/m/n --> OT1/lmss/m/n on input line 32.
LaTeX Font Info:    Overwriting math alphabet `\mathit' in version `normal'
(Font)                  OT1/cmr/m/it --> OT1/lmr/m/it on input line 33.
LaTeX Font Info:    Overwriting math alphabet `\mathtt' in version `normal'
(Font)                  OT1/cmtt/m/n --> OT1/lmtt/m/n on input line 34.
LaTeX Font Info:    Overwriting math alphabet `\mathbf' in version `bold'
(Font)                  OT1/cmr/bx/n --> OT1/lmr/bx/n on input line 35.
LaTeX Font Info:    Overwriting math alphabet `\mathsf' in version `bold'
(Font)                  OT1/cmss/bx/n --> OT1/lmss/bx/n on input line 36.
LaTeX Font Info:    Overwriting math alphabet `\mathit' in version `bold'
(Font)                  OT1/cmr/bx/it --> OT1/lmr/bx/it on input line 37.
LaTeX Font Info:    Overwriting math alphabet `\mathtt' in version `bold'
(Font)                  OT1/cmtt/m/n --> OT1/lmtt/m/n on input line 38.
) (/usr/local/texlive/2020/texmf-dist/tex/latex/base/fontenc.sty
Package: fontenc 2020/02/11 v2.0o Standard LaTeX package
LaTeX Font Info:    Trying to load font information for T1+lmr on input line 11
2.
(/usr/local/texlive/2020/texmf-dist/tex/latex/lm/t1lmr.fd
File: t1lmr.fd 2009/10/30 v1.6 Font defs for Latin Modern
)) (/usr/local/texlive/2020/texmf-dist/tex/latex/geometry/geometry.sty
Package: geometry 2020/01/02 v5.9 Page Geometry
(/usr/local/texlive/2020/texmf-dist/tex/latex/graphics/keyval.sty
Package: keyval 2014/10/28 v1.15 key=value parser (DPC)
\KV@toks@=\toks15
) (/usr/local/texlive/2020/texmf-dist/tex/generic/iftex/ifvtex.sty
Package: ifvtex 2019/10/25 v1.7 ifvtex legacy package. Use iftex instead.
(/usr/local/texlive/2020/texmf-dist/tex/generic/iftex/iftex.sty
Package: iftex 2020/03/06 v1.0d TeX engine tests
))
\Gm@cnth=\count176
\Gm@cntv=\count177
\c@Gm@tempcnt=\count178
\Gm@bindingoffset=\dimen135
\Gm@wd@mp=\dimen136
\Gm@odd@mp=\dimen137
\Gm@even@mp=\dimen138
\Gm@layoutwidth=\dimen139
\Gm@layoutheight=\dimen140
\Gm@layouthoffset=\dimen141
\Gm@layoutvoffset=\dimen142
\Gm@dimlist=\toks16
) (/usr/local/texlive/2020/texmf-dist/tex/latex/graphics/graphicx.sty
Package: graphicx 2019/11/30 v1.2a Enhanced LaTeX Graphics (DPC,SPQR)
(/usr/local/texlive/2020/texmf-dist/tex/latex/graphics/graphics.sty
Package: graphics 2019/11/30 v1.4a Standard LaTeX Graphics (DPC,SPQR)
(/usr/local/texlive/2020/texmf-dist/tex/latex/graphics/trig.sty
Package: trig 2016/01/03 v1.10 sin cos tan (DPC)
) (/usr/local/texlive/2020/texmf-dist/tex/latex/graphics-cfg/graphics.cfg
File: graphics.cfg 2016/06/04 v1.11 sample graphics configuration
)
Package graphics Info: Driver file: pdftex.def on input line 105.
(/usr/local/texlive/2020/texmf-dist/tex/latex/graphics-def/pdftex.def
File: pdftex.def 2018/01/08 v1.0l Graphics/color driver for pdftex
))
\Gin@req@height=\dimen143
\Gin@req@width=\dimen144
) (/usr/local/texlive/2020/texmf-dist/tex/latex/booktabs/booktabs.sty
Package: booktabs 2020/01/12 v1.61803398 Publication quality tables
\heavyrulewidth=\dimen145
\lightrulewidth=\dimen146
\cmidrulewidth=\dimen147
\belowrulesep=\dimen148
\belowbottomsep=\dimen149
\aboverulesep=\dimen150
\abovetopsep=\dimen151
\cmidrulesep=\dimen152
\cmidrulekern=\dimen153
\defaultaddspace=\dimen154
\@cmidla=\count179
\@cmidlb=\count180
\@aboverulesep=\dimen155
\@belowrulesep=\dimen156
\@thisruleclass=\count181
\@lastruleclass=\count182
\@thisrulewidth=\dimen157
)
(/usr/local/texlive/2020/texmf-dist/tex/latex/threeparttable/threeparttable.sty
Package: threeparttable 2003/06/13  v 3.0
\@tempboxb=\box45
)
\b@level@one@skip=\skip49
\e@level@one@skip=\skip50
\b@level@two@skip=\skip51
\e@level@two@skip=\skip52
\b@level@three@skip=\skip53
\e@level@three@skip=\skip54
\b@level@four@skip=\skip55
\e@level@four@skip=\skip56
\b@level@five@skip=\skip57
\e@level@five@skip=\skip58
(/usr/local/texlive/2020/texmf-dist/tex/latex/caption/caption.sty
Package: caption 2020/01/03 v3.4h Customizing captions (AR)
(/usr/local/texlive/2020/texmf-dist/tex/latex/caption/caption3.sty
Package: caption3 2020/01/03 v1.8h caption3 kernel (AR)
Package caption3 Info: TeX engine: e-TeX on input line 61.
\captionmargin=\dimen158
\captionmargin@=\dimen159
\captionwidth=\dimen160
\caption@tempdima=\dimen161
\caption@indent=\dimen162
\caption@parindent=\dimen163
\caption@hangindent=\dimen164
Package caption Info: Standard document class detected.
)
\c@caption@flags=\count183
\c@continuedfloat=\count184
Package caption Info: threeparttable package is loaded.
)
\c@APAenum=\count185
\@text@par@indent=\skip59
\gr@box=\box46
\gr@boxwidth=\skip60
\gr@boxheight=\skip61
(/usr/local/texlive/2020/texmf-dist/tex/latex/tools/bm.sty
Package: bm 2019/07/24 v1.2d Bold Symbol Support (DPC/FMi)
\symboldoperators=\mathgroup4
\symboldletters=\mathgroup5
\symboldsymbols=\mathgroup6
LaTeX Font Info:    Redeclaring math alphabet \mathbf on input line 141.
LaTeX Info: Redefining \bm on input line 209.
)
\c@appendix=\count186
(/usr/local/texlive/2020/texmf-dist/tex/latex/fancyhdr/fancyhdr.sty
Package: fancyhdr 2019/01/31 v3.10 Extensive control of page headers and footer
s
\f@nch@headwidth=\skip62
\f@nch@O@elh=\skip63
\f@nch@O@erh=\skip64
\f@nch@O@olh=\skip65
\f@nch@O@orh=\skip66
\f@nch@O@elf=\skip67
\f@nch@O@erf=\skip68
\f@nch@O@olf=\skip69
\f@nch@O@orf=\skip70
) (/usr/local/texlive/2020/texmf-dist/tex/latex/endfloat/endfloat.sty
Package: endfloat 2019/04/15 v2.7 LaTeX2e package puts figures and tables at en
d (jdm)
\c@posttable=\count187
\efloat@postttt=\write3
\@ef@tttopen=\count188
\c@postfigure=\count189
\efloat@postfff=\write4
\@ef@fffopen=\count190
)) (/usr/local/texlive/2020/texmf-dist/tex/latex/amsfonts/amssymb.sty
Package: amssymb 2013/01/14 v3.01 AMS font symbols
(/usr/local/texlive/2020/texmf-dist/tex/latex/amsfonts/amsfonts.sty
Package: amsfonts 2013/01/14 v3.01 Basic AMSFonts support
\@emptytoks=\toks17
\symAMSa=\mathgroup7
\symAMSb=\mathgroup8
LaTeX Font Info:    Redeclaring math symbol \hbar on input line 98.
LaTeX Font Info:    Overwriting math alphabet `\mathfrak' in version `bold'
(Font)                  U/euf/m/n --> U/euf/b/n on input line 106.
)) (/usr/local/texlive/2020/texmf-dist/tex/latex/amsmath/amsmath.sty
Package: amsmath 2020/01/20 v2.17e AMS math features
\@mathmargin=\skip71
For additional information on amsmath, use the `?' option.
(/usr/local/texlive/2020/texmf-dist/tex/latex/amsmath/amstext.sty
Package: amstext 2000/06/29 v2.01 AMS text
(/usr/local/texlive/2020/texmf-dist/tex/latex/amsmath/amsgen.sty
File: amsgen.sty 1999/11/30 v2.0 generic functions
\@emptytoks=\toks18
\ex@=\dimen165
)) (/usr/local/texlive/2020/texmf-dist/tex/latex/amsmath/amsbsy.sty
Package: amsbsy 1999/11/29 v1.2d Bold Symbols
LaTeX Info: Redefining \boldsymbol on input line 28.
\pmbraise@=\dimen166
) (/usr/local/texlive/2020/texmf-dist/tex/latex/amsmath/amsopn.sty
Package: amsopn 2016/03/08 v2.02 operator names
)
\inf@bad=\count191
LaTeX Info: Redefining \frac on input line 227.
\uproot@=\count192
\leftroot@=\count193
LaTeX Info: Redefining \overline on input line 389.
\classnum@=\count194
\DOTSCASE@=\count195
LaTeX Info: Redefining \ldots on input line 486.
LaTeX Info: Redefining \dots on input line 489.
LaTeX Info: Redefining \cdots on input line 610.
\Mathstrutbox@=\box47
\strutbox@=\box48
\big@size=\dimen167
LaTeX Font Info:    Redeclaring font encoding OML on input line 733.
LaTeX Font Info:    Redeclaring font encoding OMS on input line 734.
\macc@depth=\count196
\c@MaxMatrixCols=\count197
\dotsspace@=\muskip16
\c@parentequation=\count198
\dspbrk@lvl=\count199
\tag@help=\toks19
\row@=\count266
\column@=\count267
\maxfields@=\count268
\andhelp@=\toks20
\eqnshift@=\dimen168
\alignsep@=\dimen169
\tagshift@=\dimen170
\tagwidth@=\dimen171
\totwidth@=\dimen172
\lineht@=\dimen173
\@envbody=\toks21
\multlinegap=\skip72
\multlinetaggap=\skip73
\mathdisplay@stack=\toks22
LaTeX Info: Redefining \[ on input line 2859.
LaTeX Info: Redefining \] on input line 2860.
) (/usr/local/texlive/2020/texmf-dist/tex/generic/iftex/ifxetex.sty
Package: ifxetex 2019/10/25 v0.7 ifxetex legacy package. Use iftex instead.
) (/usr/local/texlive/2020/texmf-dist/tex/generic/iftex/ifluatex.sty
Package: ifluatex 2019/10/25 v1.5 ifluatex legacy package. Use iftex instead.
) (/usr/local/texlive/2020/texmf-dist/tex/latex/base/fontenc.sty
Package: fontenc 2020/02/11 v2.0o Standard LaTeX package
) (/usr/local/texlive/2020/texmf-dist/tex/latex/base/inputenc.sty
Package: inputenc 2018/08/11 v1.3c Input encoding file
\inpenc@prehook=\toks23
\inpenc@posthook=\toks24
) (/usr/local/texlive/2020/texmf-dist/tex/latex/base/textcomp.sty
Package: textcomp 2020/02/02 v2.0n Standard LaTeX package
) (/usr/local/texlive/2020/texmf-dist/tex/latex/upquote/upquote.sty
Package: upquote 2012/04/19 v1.3 upright-quote and grave-accent glyphs in verba
tim
) (/usr/local/texlive/2020/texmf-dist/tex/latex/microtype/microtype.sty
Package: microtype 2019/11/18 v2.7d Micro-typographical refinements (RS)
\MT@toks=\toks25
\MT@count=\count269
LaTeX Info: Redefining \textls on input line 790.
\MT@outer@kern=\dimen174
LaTeX Info: Redefining \textmicrotypecontext on input line 1354.
\MT@listname@count=\count270
(/usr/local/texlive/2020/texmf-dist/tex/latex/microtype/microtype-pdftex.def
File: microtype-pdftex.def 2019/11/18 v2.7d Definitions specific to pdftex (RS)

LaTeX Info: Redefining \lsstyle on input line 914.
LaTeX Info: Redefining \lslig on input line 914.
\MT@outer@space=\skip74
)
Package microtype Info: Loading configuration file microtype.cfg.
(/usr/local/texlive/2020/texmf-dist/tex/latex/microtype/microtype.cfg
File: microtype.cfg 2019/11/18 v2.7d microtype main configuration file (RS)
)) (/usr/local/texlive/2020/texmf-dist/tex/latex/parskip/parskip.sty
Package: parskip 2020-01-22 v2.0d non-zero parskip adjustments
(/usr/local/texlive/2020/texmf-dist/tex/latex/kvoptions/kvoptions.sty
Package: kvoptions 2019/11/29 v3.13 Key value format for package options (HO)
(/usr/local/texlive/2020/texmf-dist/tex/generic/ltxcmds/ltxcmds.sty
Package: ltxcmds 2019/12/15 v1.24 LaTeX kernel commands for general use (HO)
) (/usr/local/texlive/2020/texmf-dist/tex/generic/kvsetkeys/kvsetkeys.sty
Package: kvsetkeys 2019/12/15 v1.18 Key value parser (HO)
))) (/usr/local/texlive/2020/texmf-dist/tex/latex/xcolor/xcolor.sty
Package: xcolor 2016/05/11 v2.12 LaTeX color extensions (UK)
(/usr/local/texlive/2020/texmf-dist/tex/latex/graphics-cfg/color.cfg
File: color.cfg 2016/01/02 v1.6 sample color configuration
)
Package xcolor Info: Driver file: pdftex.def on input line 225.
Package xcolor Info: Model `cmy' substituted by `cmy0' on input line 1348.
Package xcolor Info: Model `hsb' substituted by `rgb' on input line 1352.
Package xcolor Info: Model `RGB' extended on input line 1364.
Package xcolor Info: Model `HTML' substituted by `rgb' on input line 1366.
Package xcolor Info: Model `Hsb' substituted by `hsb' on input line 1367.
Package xcolor Info: Model `tHsb' substituted by `hsb' on input line 1368.
Package xcolor Info: Model `HSB' substituted by `hsb' on input line 1369.
Package xcolor Info: Model `Gray' substituted by `gray' on input line 1370.
Package xcolor Info: Model `wave' substituted by `hsb' on input line 1371.
) (/usr/local/texlive/2020/texmf-dist/tex/latex/xurl/xurl.sty
Package: xurl 2020/01/24 v 0.09 modify URL breaks
(/usr/local/texlive/2020/texmf-dist/tex/latex/url/url.sty
\Urlmuskip=\muskip17
Package: url 2013/09/16  ver 3.4  Verb mode for urls, etc.
)) (/usr/local/texlive/2020/texmf-dist/tex/latex/bookmark/bookmark.sty
Package: bookmark 2019/12/03 v1.28 PDF bookmarks (HO)
(/usr/local/texlive/2020/texmf-dist/tex/latex/hyperref/hyperref.sty
Package: hyperref 2020/01/14 v7.00d Hypertext links for LaTeX
(/usr/local/texlive/2020/texmf-dist/tex/latex/pdftexcmds/pdftexcmds.sty
Package: pdftexcmds 2019/11/24 v0.31 Utility functions of pdfTeX for LuaTeX (HO
)
(/usr/local/texlive/2020/texmf-dist/tex/generic/infwarerr/infwarerr.sty
Package: infwarerr 2019/12/03 v1.5 Providing info/warning/error messages (HO)
)
Package pdftexcmds Info: \pdf@primitive is available.
Package pdftexcmds Info: \pdf@ifprimitive is available.
Package pdftexcmds Info: \pdfdraftmode found.
) (/usr/local/texlive/2020/texmf-dist/tex/generic/kvdefinekeys/kvdefinekeys.sty
Package: kvdefinekeys 2019-12-19 v1.6 Define keys (HO)
) (/usr/local/texlive/2020/texmf-dist/tex/generic/pdfescape/pdfescape.sty
Package: pdfescape 2019/12/09 v1.15 Implements pdfTeX's escape features (HO)
) (/usr/local/texlive/2020/texmf-dist/tex/latex/hycolor/hycolor.sty
Package: hycolor 2020-01-27 v1.10 Color options for hyperref/bookmark (HO)
) (/usr/local/texlive/2020/texmf-dist/tex/latex/letltxmacro/letltxmacro.sty
Package: letltxmacro 2019/12/03 v1.6 Let assignment for LaTeX macros (HO)
) (/usr/local/texlive/2020/texmf-dist/tex/latex/auxhook/auxhook.sty
Package: auxhook 2019-12-17 v1.6 Hooks for auxiliary files (HO)
)
\@linkdim=\dimen175
\Hy@linkcounter=\count271
\Hy@pagecounter=\count272
(/usr/local/texlive/2020/texmf-dist/tex/latex/hyperref/pd1enc.def
File: pd1enc.def 2020/01/14 v7.00d Hyperref: PDFDocEncoding definition (HO)
Now handling font encoding PD1 ...
... no UTF-8 mapping file for font encoding PD1
) (/usr/local/texlive/2020/texmf-dist/tex/generic/intcalc/intcalc.sty
Package: intcalc 2019/12/15 v1.3 Expandable calculations with integers (HO)
) (/usr/local/texlive/2020/texmf-dist/tex/generic/etexcmds/etexcmds.sty
Package: etexcmds 2019/12/15 v1.7 Avoid name clashes with e-TeX commands (HO)
)
\Hy@SavedSpaceFactor=\count273
Package hyperref Info: Option `unicode' set `true' on input line 4421.
(/usr/local/texlive/2020/texmf-dist/tex/latex/hyperref/puenc.def
File: puenc.def 2020/01/14 v7.00d Hyperref: PDF Unicode definition (HO)
Now handling font encoding PU ...
... no UTF-8 mapping file for font encoding PU
)
Package hyperref Info: Hyper figures OFF on input line 4547.
Package hyperref Info: Link nesting OFF on input line 4552.
Package hyperref Info: Hyper index ON on input line 4555.
Package hyperref Info: Plain pages OFF on input line 4562.
Package hyperref Info: Backreferencing OFF on input line 4567.
Package hyperref Info: Implicit mode ON; LaTeX internals redefined.
Package hyperref Info: Bookmarks ON on input line 4800.
\c@Hy@tempcnt=\count274
LaTeX Info: Redefining \url on input line 5159.
\XeTeXLinkMargin=\dimen176
(/usr/local/texlive/2020/texmf-dist/tex/generic/bitset/bitset.sty
Package: bitset 2019/12/09 v1.3 Handle bit-vector datatype (HO)
(/usr/local/texlive/2020/texmf-dist/tex/generic/bigintcalc/bigintcalc.sty
Package: bigintcalc 2019/12/15 v1.5 Expandable calculations on big integers (HO
)
))
\Fld@menulength=\count275
\Field@Width=\dimen177
\Fld@charsize=\dimen178
Package hyperref Info: Hyper figures OFF on input line 6430.
Package hyperref Info: Link nesting OFF on input line 6435.
Package hyperref Info: Hyper index ON on input line 6438.
Package hyperref Info: backreferencing OFF on input line 6445.
Package hyperref Info: Link coloring OFF on input line 6450.
Package hyperref Info: Link coloring with OCG OFF on input line 6455.
Package hyperref Info: PDF/A mode OFF on input line 6460.
LaTeX Info: Redefining \ref on input line 6500.
LaTeX Info: Redefining \pageref on input line 6504.
(/usr/local/texlive/2020/texmf-dist/tex/generic/atbegshi/atbegshi.sty
Package: atbegshi 2019/12/05 v1.19 At begin shipout hook (HO)
)
\Hy@abspage=\count276
\c@Item=\count277
\c@Hfootnote=\count278
)
Package hyperref Info: Driver (autodetected): hpdftex.
(/usr/local/texlive/2020/texmf-dist/tex/latex/hyperref/hpdftex.def
File: hpdftex.def 2020/01/14 v7.00d Hyperref driver for pdfTeX
(/usr/local/texlive/2020/texmf-dist/tex/latex/atveryend/atveryend.sty
Package: atveryend 2019-12-11 v1.11 Hooks at the very end of document (HO)
)
\Fld@listcount=\count279
\c@bookmark@seq@number=\count280

(/usr/local/texlive/2020/texmf-dist/tex/latex/rerunfilecheck/rerunfilecheck.sty
Package: rerunfilecheck 2019/12/05 v1.9 Rerun checks for auxiliary files (HO)

(/usr/local/texlive/2020/texmf-dist/tex/generic/uniquecounter/uniquecounter.sty
Package: uniquecounter 2019/12/15 v1.4 Provide unlimited unique counter (HO)
)
Package uniquecounter Info: New unique counter `rerunfilecheck' on input line 2
86.
)
\Hy@SectionHShift=\skip75
) (/usr/local/texlive/2020/texmf-dist/tex/latex/bookmark/bkm-pdftex.def
File: bkm-pdftex.def 2019/12/03 v1.28 bookmark driver for pdfTeX (HO)
\BKM@id=\count281
)) (/usr/local/texlive/2020/texmf-dist/tex/latex/fancyvrb/fancyvrb.sty
Package: fancyvrb 2020/01/13 v3.5 verbatim text (tvz,hv)
\FV@CodeLineNo=\count282
\FV@InFile=\read2
\FV@TabBox=\box49
\c@FancyVerbLine=\count283
\FV@StepNumber=\count284
\FV@OutFile=\write5
) (/usr/local/texlive/2020/texmf-dist/tex/latex/framed/framed.sty
Package: framed 2011/10/22 v 0.96: framed or shaded text with page breaks
\OuterFrameSep=\skip76
\fb@frw=\dimen179
\fb@frh=\dimen180
\FrameRule=\dimen181
\FrameSep=\dimen182
) (/usr/local/texlive/2020/texmf-dist/tex/latex/was/upgreek.sty
Package: upgreek 2003/02/12 v2.0 (WaS)
Package upgreek Info: Using Euler Roman for upright Greek on input line 31.
\symugrf@m=\mathgroup9
LaTeX Font Info:    Overwriting symbol font `ugrf@m' in version `bold'
(Font)                  U/eur/m/n --> U/eur/b/n on input line 38.
) (/usr/local/texlive/2020/texmf-dist/tex/latex/tools/longtable.sty
Package: longtable 2020/01/07 v4.13 Multi-page Table package (DPC)
\LTleft=\skip77
\LTright=\skip78
\LTpre=\skip79
\LTpost=\skip80
\LTchunksize=\count285
\LTcapwidth=\dimen183
\LT@head=\box50
\LT@firsthead=\box51
\LT@foot=\box52
\LT@lastfoot=\box53
\LT@cols=\count286
\LT@rows=\count287
\c@LT@tables=\count288
\c@LT@chunks=\count289
\LT@p@ftn=\toks26
) (/usr/local/texlive/2020/texmf-dist/tex/latex/graphics/lscape.sty
Package: lscape 2000/10/22 v3.01 Landscape Pages (DPC)
) (/usr/local/texlive/2020/texmf-dist/tex/latex/multirow/multirow.sty
Package: multirow 2019/05/31 v2.5 Span multiple rows of a table
\multirow@colwidth=\skip81
\multirow@cntb=\count290
\multirow@dima=\skip82
\bigstrutjot=\dimen184
) (/usr/local/texlive/2020/texmf-dist/tex/latex/tools/tabularx.sty
Package: tabularx 2020/01/15 v2.11c `tabularx' package (DPC)
(/usr/local/texlive/2020/texmf-dist/tex/latex/tools/array.sty
Package: array 2019/08/31 v2.4l Tabular extension package (FMi)
\col@sep=\dimen185
\ar@mcellbox=\box54
\extrarowheight=\dimen186
\NC@list=\toks27
\extratabsurround=\skip83
\backup@length=\skip84
\ar@cellbox=\box55
)
\TX@col@width=\dimen187
\TX@old@table=\dimen188
\TX@old@col=\dimen189
\TX@target=\dimen190
\TX@delta=\dimen191
\TX@cols=\count291
\TX@ftn=\toks28
)
(/usr/local/texlive/2020/texmf-dist/tex/latex/threeparttablex/threeparttablex.s
ty
Package: threeparttablex 2013/07/23 v0.3 by daleif
(/usr/local/texlive/2020/texmf-dist/tex/latex/environ/environ.sty
Package: environ 2014/05/04 v0.3 A new way to define environments
(/usr/local/texlive/2020/texmf-dist/tex/latex/trimspaces/trimspaces.sty
Package: trimspaces 2009/09/17 v1.1 Trim spaces around a token list
))
\TPTL@width=\skip85
)
\longtablewidth=\skip86
(/usr/local/texlive/2020/texmf-dist/tex/latex/csquotes/csquotes.sty
Package: csquotes 2019-12-06 v5.2j context-sensitive quotations (JAW)
\csq@reset=\count292
\csq@gtype=\count293
\csq@glevel=\count294
\csq@qlevel=\count295
\csq@maxlvl=\count296
\csq@tshold=\count297
\csq@ltx@everypar=\toks29
(/usr/local/texlive/2020/texmf-dist/tex/latex/csquotes/csquotes.def
File: csquotes.def 2019-12-06 v5.2j csquotes generic definitions (JAW)
)
Package csquotes Info: Trying to load configuration file 'csquotes.cfg'...
Package csquotes Info: ... configuration file loaded successfully.
(/usr/local/texlive/2020/texmf-dist/tex/latex/csquotes/csquotes.cfg
File: csquotes.cfg 
)) (/usr/local/texlive/2020/texmf-dist/tex/generic/babel/babel.sty
Package: babel 2020/03/22 3.42 The Babel package
(/usr/local/texlive/2020/texmf-dist/tex/generic/babel/switch.def
File: switch.def 2020/03/22 3.42 Babel switching mechanism
) (/usr/local/texlive/2020/texmf-dist/tex/generic/babel-english/english.ldf
Language: english 2017/06/06 v3.3r English support from the babel system
(/usr/local/texlive/2020/texmf-dist/tex/generic/babel/babel.def
File: babel.def 2020/03/22 3.42 Babel common definitions
\babel@savecnt=\count298
\U@D=\dimen192
(/usr/local/texlive/2020/texmf-dist/tex/generic/babel/txtbabel.def)
\bbl@readstream=\read3
\bbl@dirlevel=\count299
)
Package babel Info: \l@canadian = using hyphenrules for english
(babel)             (\language0) on input line 102.
Package babel Info: \l@australian = using hyphenrules for ukenglish
(babel)             (\language21) on input line 105.
Package babel Info: \l@newzealand = using hyphenrules for ukenglish
(babel)             (\language21) on input line 108.
) (/usr/local/texlive/2020/texmf-dist/tex/generic/babel-english/english.ldf
Language: english 2017/06/06 v3.3r English support from the babel system
))
\cslhangindent=\skip87
Package csquotes Info: Checking for multilingual support...
Package csquotes Info: ... found 'babel' package.
Package csquotes Info: Adjusting default style.
Package csquotes Info: Redefining alias 'default' -> 'english'.
(/usr/local/texlive/2020/texmf-dist/tex/latex/l3backend/l3backend-pdfmode.def
File: l3backend-pdfmode.def 2020-03-12 L3 backend support: PDF mode
\l__kernel_color_stack_int=\count300
\l__pdf_internal_box=\box56
) (./flexplot_psychmeth.aux

LaTeX Warning: Label `fig:chunkit' multiply defined.


LaTeX Warning: Label `fig:raw' multiply defined.


LaTeX Warning: Label `fig:logistic' multiply defined.


LaTeX Warning: Label `fig:association' multiply defined.


LaTeX Warning: Label `fig:plant' multiply defined.


LaTeX Warning: Label `fig:sample' multiply defined.


LaTeX Warning: Label `fig:avp' multiply defined.


LaTeX Warning: Label `fig:avp' multiply defined.


LaTeX Warning: Label `fig:panels' multiply defined.


LaTeX Warning: Label `fig:panels2' multiply defined.


LaTeX Warning: Label `fig:ghost' multiply defined.


LaTeX Warning: Label `fig:threeway' multiply defined.


LaTeX Warning: Label `fig:ancova' multiply defined.


LaTeX Warning: Label `fig:ancova2' multiply defined.


LaTeX Warning: Label `fig:mixed' multiply defined.


LaTeX Warning: Label `fig:compare' multiply defined.

)
\openout1 = `flexplot_psychmeth.aux'.

LaTeX Font Info:    Checking defaults for OML/cmm/m/it on input line 201.
LaTeX Font Info:    ... okay on input line 201.
LaTeX Font Info:    Checking defaults for OMS/cmsy/m/n on input line 201.
LaTeX Font Info:    ... okay on input line 201.
LaTeX Font Info:    Checking defaults for OT1/cmr/m/n on input line 201.
LaTeX Font Info:    ... okay on input line 201.
LaTeX Font Info:    Checking defaults for T1/cmr/m/n on input line 201.
LaTeX Font Info:    ... okay on input line 201.
LaTeX Font Info:    Checking defaults for TS1/cmr/m/n on input line 201.
LaTeX Font Info:    ... okay on input line 201.
LaTeX Font Info:    Checking defaults for OMX/cmex/m/n on input line 201.
LaTeX Font Info:    ... okay on input line 201.
LaTeX Font Info:    Checking defaults for U/cmr/m/n on input line 201.
LaTeX Font Info:    ... okay on input line 201.
LaTeX Font Info:    Checking defaults for PD1/pdf/m/n on input line 201.
LaTeX Font Info:    ... okay on input line 201.
LaTeX Font Info:    Checking defaults for PU/pdf/m/n on input line 201.
LaTeX Font Info:    ... okay on input line 201.
*geometry* driver: auto-detecting
*geometry* detected driver: pdftex
*geometry* verbose mode - [ preamble ] result:
* driver: pdftex
* paper: <default>
* layout: <same size as paper>
* layoutoffset:(h,v)=(0.0pt,0.0pt)
* modes: twoside 
* h-part:(L,W,R)=(72.26999pt, 469.75502pt, 72.26999pt)
* v-part:(T,H,B)=(72.26999pt, 650.43001pt, 72.26999pt)
* \paperwidth=614.295pt
* \paperheight=794.96999pt
* \textwidth=469.75502pt
* \textheight=650.43001pt
* \oddsidemargin=0.0pt
* \evensidemargin=0.0pt
* \topmargin=-37.0pt
* \headheight=15.2pt
* \headsep=25.0pt
* \topskip=12.0pt
* \footskip=30.0pt
* \marginparwidth=95.0pt
* \marginparsep=10.0pt
* \columnsep=10.0pt
* \skip\footins=10.8pt plus 4.0pt minus 2.0pt
* \hoffset=0.0pt
* \voffset=0.0pt
* \mag=1000
* \@twocolumnfalse
* \@twosidetrue
* \@mparswitchtrue
* \@reversemarginfalse
* (1in=72.27pt=25.4mm, 1cm=28.453pt)

(/usr/local/texlive/2020/texmf-dist/tex/context/base/mkii/supp-pdf.mkii
[Loading MPS to PDF converter (version 2006.09.02).]
\scratchcounter=\count301
\scratchdimen=\dimen193
\scratchbox=\box57
\nofMPsegments=\count302
\nofMParguments=\count303
\everyMPshowfont=\toks30
\MPscratchCnt=\count304
\MPscratchDim=\dimen194
\MPnumerator=\count305
\makeMPintoPDFobject=\count306
\everyMPtoPDFconversion=\toks31
) (/usr/local/texlive/2020/texmf-dist/tex/latex/epstopdf-pkg/epstopdf-base.sty
Package: epstopdf-base 2020-01-24 v2.11 Base part for package epstopdf
(/usr/local/texlive/2020/texmf-dist/tex/latex/grfext/grfext.sty
Package: grfext 2019/12/03 v1.3 Manage graphics extensions (HO)
)
Package epstopdf-base Info: Redefining graphics rule for `.eps' on input line 4
85.
Package grfext Info: Graphics extension search list:
(grfext)             [.pdf,.png,.jpg,.mps,.jpeg,.jbig2,.jb2,.PDF,.PNG,.JPG,.JPE
G,.JBIG2,.JB2,.eps]
(grfext)             \AppendGraphicsExtensions on input line 504.
(/usr/local/texlive/2020/texmf-dist/tex/latex/latexconfig/epstopdf-sys.cfg
File: epstopdf-sys.cfg 2010/07/13 v1.3 Configuration of (r)epstopdf for TeX Liv
e
)) (/usr/local/texlive/2020/texmf-dist/tex/latex/apa6/config/APAamerican.txt
File: APAamerican.txt 2012/02/23 v1.25 apa6 configuration for American English
)
Package caption Info: Begin \AtBeginDocument code.
Package caption Info: hyperref package is loaded.
Package caption Info: longtable package is loaded.
(/usr/local/texlive/2020/texmf-dist/tex/latex/caption/ltcaption.sty
Package: ltcaption 2018/08/26 v1.4a longtable captions (AR)
)
Package caption Info: End \AtBeginDocument code.
LaTeX Info: Redefining \microtypecontext on input line 201.
Package microtype Info: Generating PDF output.
Package microtype Info: Character protrusion enabled (level 2).
Package microtype Info: Using protrusion set `basicmath'.
Package microtype Info: Automatic font expansion enabled (level 2),
(microtype)             stretch: 20, shrink: 20, step: 1, non-selected.
Package microtype Info: Using default expansion set `basictext'.
LaTeX Info: Redefining \showhyphens on input line 201.
Package microtype Info: No adjustment of tracking.
Package microtype Info: No adjustment of interword spacing.
Package microtype Info: No adjustment of character kerning.
(/usr/local/texlive/2020/texmf-dist/tex/latex/microtype/mt-cmr.cfg
File: mt-cmr.cfg 2013/05/19 v2.2 microtype config. file: Computer Modern Roman 
(RS)
)
\AtBeginShipoutBox=\box58
Package hyperref Info: Link coloring OFF on input line 201.
(/usr/local/texlive/2020/texmf-dist/tex/latex/hyperref/nameref.sty
Package: nameref 2019/09/16 v2.46 Cross-referencing by name of section
(/usr/local/texlive/2020/texmf-dist/tex/latex/refcount/refcount.sty
Package: refcount 2019/12/15 v3.6 Data extraction from label references (HO)
)
(/usr/local/texlive/2020/texmf-dist/tex/generic/gettitlestring/gettitlestring.s
ty
Package: gettitlestring 2019/12/15 v1.6 Cleanup title references (HO)
)
\c@section@level=\count307
)
LaTeX Info: Redefining \ref on input line 201.
LaTeX Info: Redefining \pageref on input line 201.
LaTeX Info: Redefining \nameref on input line 201.
LaTeX Font Info:    Trying to load font information for OT1+lmr on input line 2
03.
(/usr/local/texlive/2020/texmf-dist/tex/latex/lm/ot1lmr.fd
File: ot1lmr.fd 2009/10/30 v1.6 Font defs for Latin Modern
)
LaTeX Font Info:    Trying to load font information for OML+lmm on input line 2
03.
(/usr/local/texlive/2020/texmf-dist/tex/latex/lm/omllmm.fd
File: omllmm.fd 2009/10/30 v1.6 Font defs for Latin Modern
)
LaTeX Font Info:    Trying to load font information for OMS+lmsy on input line 
203.
(/usr/local/texlive/2020/texmf-dist/tex/latex/lm/omslmsy.fd
File: omslmsy.fd 2009/10/30 v1.6 Font defs for Latin Modern
)
LaTeX Font Info:    Trying to load font information for OMX+lmex on input line 
203.
(/usr/local/texlive/2020/texmf-dist/tex/latex/lm/omxlmex.fd
File: omxlmex.fd 2009/10/30 v1.6 Font defs for Latin Modern
)
LaTeX Font Info:    External font `lmex10' loaded for size
(Font)              <12> on input line 203.
LaTeX Font Info:    External font `lmex10' loaded for size
(Font)              <8> on input line 203.
LaTeX Font Info:    External font `lmex10' loaded for size
(Font)              <6> on input line 203.
LaTeX Font Info:    Trying to load font information for U+msa on input line 203
.
(/usr/local/texlive/2020/texmf-dist/tex/latex/amsfonts/umsa.fd
File: umsa.fd 2013/01/14 v3.01 AMS symbols A
) (/usr/local/texlive/2020/texmf-dist/tex/latex/microtype/mt-msa.cfg
File: mt-msa.cfg 2006/02/04 v1.1 microtype config. file: AMS symbols (a) (RS)
)
LaTeX Font Info:    Trying to load font information for U+msb on input line 203
.
(/usr/local/texlive/2020/texmf-dist/tex/latex/amsfonts/umsb.fd
File: umsb.fd 2013/01/14 v3.01 AMS symbols B
) (/usr/local/texlive/2020/texmf-dist/tex/latex/microtype/mt-msb.cfg
File: mt-msb.cfg 2005/06/01 v1.0 microtype config. file: AMS symbols (b) (RS)
) (/usr/local/texlive/2020/texmf-dist/tex/latex/microtype/mt-eur.cfg
File: mt-eur.cfg 2006/07/31 v1.1 microtype config. file: AMS Euler Roman (RS)
) [1{/usr/local/texlive/2020/texmf-var/fonts/map/pdftex/updmap/pdftex.map}

]
LaTeX Font Info:    Trying to load font information for T1+lmtt on input line 2
03.
(/usr/local/texlive/2020/texmf-dist/tex/latex/lm/t1lmtt.fd
File: t1lmtt.fd 2009/10/30 v1.6 Font defs for Latin Modern
) [2]
LaTeX Font Info:    External font `lmex10' loaded for size
(Font)              <10> on input line 213.
LaTeX Font Info:    External font `lmex10' loaded for size
(Font)              <7> on input line 213.
LaTeX Font Info:    External font `lmex10' loaded for size
(Font)              <5> on input line 213.

Underfull \vbox (badness 2351) has occurred while \output is active []

[3]
\openout4 = `flexplot_psychmeth.fff'.

(flexplot_psychmeth.fff) [4] [5] [6]
LaTeX Font Info:    Font shape `T1/lmtt/bx/n' in size <12> not available
(Font)              Font shape `T1/lmtt/b/n' tried instead on input line 250.
LaTeX Font Info:    Font shape `T1/lmtt/bx/n' in size <10.95> not available
(Font)              Font shape `T1/lmtt/b/n' tried instead on input line 258.
LaTeX Font Info:    Trying to load font information for TS1+lmtt on input line 
262.
(/usr/local/texlive/2020/texmf-dist/tex/latex/lm/ts1lmtt.fd
File: ts1lmtt.fd 2009/10/30 v1.6 Font defs for Latin Modern
) [7] [8] [9] [10] [11] [12]
Underfull \vbox (badness 6001) detected at line 430
 []


Underfull \vbox (badness 3612) has occurred while \output is active []

[13]
Underfull \vbox (badness 1661) detected at line 460
 []


Underfull \vbox (badness 1325) has occurred while \output is active []

[14]
Underfull \vbox (badness 2073) has occurred while \output is active []

[15] [16] [17] [18]
Underfull \vbox (badness 10000) has occurred while \output is active []

[19] [20]
Underfull \vbox (badness 2042) detected at line 688
 []


Underfull \vbox (badness 3815) has occurred while \output is active []

[21] [22]
Underfull \vbox (badness 1043) detected at line 764
 []

[23]
Underfull \vbox (badness 1354) has occurred while \output is active []

[24]
Underfull \vbox (badness 10000) has occurred while \output is active []

[25]
Underfull \vbox (badness 2626) has occurred while \output is active []

[26]
Underfull \vbox (badness 4940) has occurred while \output is active []

[27] [28]
Underfull \vbox (badness 10000) has occurred while \output is active []

[29] [30] [31] [32] [33] [34] [35] AED endfloat: Processing end Figures and Tab
les [36] (./flexplot_psychmeth.fff
<images/smiley.png, id=362, 939.51pt x 451.6875pt>
File: images/smiley.png Graphic file (type png)
<use images/smiley.png>
Package pdftex.def Info: images/smiley.png  used on input line 5.
(pdftex.def)             Requested size: 469.75385pt x 225.84319pt.
</private/var/folders/yn/14y1l5z55b18j7j3zmfjkrd40000gn/T/Rtmp0cBAkV/preview-18
4552981112.dir/flexplot_psychmeth_files/figure-latex/ses-1.pdf, id=364, 459.717
5pt x 311.1625pt>
File: /private/var/folders/yn/14y1l5z55b18j7j3zmfjkrd40000gn/T/Rtmp0cBAkV/previ
ew-184552981112.dir/flexplot_psychmeth_files/figure-latex/ses-1.pdf Graphic fil
e (type pdf)
<use /private/var/folders/yn/14y1l5z55b18j7j3zmfjkrd40000gn/T/Rtmp0cBAkV/previe
w-184552981112.dir/flexplot_psychmeth_files/figure-latex/ses-1.pdf>
Package pdftex.def Info: /private/var/folders/yn/14y1l5z55b18j7j3zmfjkrd40000gn
/T/Rtmp0cBAkV/preview-184552981112.dir/flexplot_psychmeth_files/figure-latex/se
s-1.pdf  used on input line 13.
(pdftex.def)             Requested size: 459.72337pt x 311.16649pt.
<images/flexplot_diagram.jpg, id=365, 1228.59pt x 1325.95375pt>
File: images/flexplot_diagram.jpg Graphic file (type jpg)
<use images/flexplot_diagram.jpg>
Package pdftex.def Info: images/flexplot_diagram.jpg  used on input line 20.
(pdftex.def)             Requested size: 469.75606pt x 506.98346pt.
</private/var/folders/yn/14y1l5z55b18j7j3zmfjkrd40000gn/T/Rtmp0cBAkV/preview-18
4552981112.dir/flexplot_psychmeth_files/figure-latex/bar-1.pdf, id=366, 448.676
25pt x 305.14pt>
File: /private/var/folders/yn/14y1l5z55b18j7j3zmfjkrd40000gn/T/Rtmp0cBAkV/previ
ew-184552981112.dir/flexplot_psychmeth_files/figure-latex/bar-1.pdf Graphic fil
e (type pdf)
<use /private/var/folders/yn/14y1l5z55b18j7j3zmfjkrd40000gn/T/Rtmp0cBAkV/previe
w-184552981112.dir/flexplot_psychmeth_files/figure-latex/bar-1.pdf>
Package pdftex.def Info: /private/var/folders/yn/14y1l5z55b18j7j3zmfjkrd40000gn
/T/Rtmp0cBAkV/preview-184552981112.dir/flexplot_psychmeth_files/figure-latex/ba
r-1.pdf  used on input line 28.
(pdftex.def)             Requested size: 448.68884pt x 305.14854pt.
</private/var/folders/yn/14y1l5z55b18j7j3zmfjkrd40000gn/T/Rtmp0cBAkV/preview-18
4552981112.dir/flexplot_psychmeth_files/figure-latex/chunkit-1.pdf, id=367, 448
.67625pt x 284.06125pt>
File: /private/var/folders/yn/14y1l5z55b18j7j3zmfjkrd40000gn/T/Rtmp0cBAkV/previ
ew-184552981112.dir/flexplot_psychmeth_files/figure-latex/chunkit-1.pdf Graphic
 file (type pdf)
<use /private/var/folders/yn/14y1l5z55b18j7j3zmfjkrd40000gn/T/Rtmp0cBAkV/previe
w-184552981112.dir/flexplot_psychmeth_files/figure-latex/chunkit-1.pdf>
Package pdftex.def Info: /private/var/folders/yn/14y1l5z55b18j7j3zmfjkrd40000gn
/T/Rtmp0cBAkV/preview-184552981112.dir/flexplot_psychmeth_files/figure-latex/ch
unkit-1.pdf  used on input line 35.
(pdftex.def)             Requested size: 448.68884pt x 284.0692pt.
</private/var/folders/yn/14y1l5z55b18j7j3zmfjkrd40000gn/T/Rtmp0cBAkV/preview-18
4552981112.dir/flexplot_psychmeth_files/figure-latex/raw-1.pdf, id=368, 411.537
5pt x 196.735pt>
File: /private/var/folders/yn/14y1l5z55b18j7j3zmfjkrd40000gn/T/Rtmp0cBAkV/previ
ew-184552981112.dir/flexplot_psychmeth_files/figure-latex/raw-1.pdf Graphic fil
e (type pdf)
<use /private/var/folders/yn/14y1l5z55b18j7j3zmfjkrd40000gn/T/Rtmp0cBAkV/previe
w-184552981112.dir/flexplot_psychmeth_files/figure-latex/raw-1.pdf>
Package pdftex.def Info: /private/var/folders/yn/14y1l5z55b18j7j3zmfjkrd40000gn
/T/Rtmp0cBAkV/preview-184552981112.dir/flexplot_psychmeth_files/figure-latex/ra
w-1.pdf  used on input line 42.
(pdftex.def)             Requested size: 411.5365pt x 196.7345pt.
</private/var/folders/yn/14y1l5z55b18j7j3zmfjkrd40000gn/T/Rtmp0cBAkV/preview-18
4552981112.dir/flexplot_psychmeth_files/figure-latex/jitterit-1.pdf, id=369, 41
3.545pt x 139.52126pt>
File: /private/var/folders/yn/14y1l5z55b18j7j3zmfjkrd40000gn/T/Rtmp0cBAkV/previ
ew-184552981112.dir/flexplot_psychmeth_files/figure-latex/jitterit-1.pdf Graphi
c file (type pdf)
<use /private/var/folders/yn/14y1l5z55b18j7j3zmfjkrd40000gn/T/Rtmp0cBAkV/previe
w-184552981112.dir/flexplot_psychmeth_files/figure-latex/jitterit-1.pdf>
Package pdftex.def Info: /private/var/folders/yn/14y1l5z55b18j7j3zmfjkrd40000gn
/T/Rtmp0cBAkV/preview-184552981112.dir/flexplot_psychmeth_files/figure-latex/ji
tterit-1.pdf  used on input line 52.
(pdftex.def)             Requested size: 413.5566pt x 139.52516pt.
</private/var/folders/yn/14y1l5z55b18j7j3zmfjkrd40000gn/T/Rtmp0cBAkV/preview-18
4552981112.dir/flexplot_psychmeth_files/figure-latex/scatter-1.pdf, id=370, 413
.545pt x 156.585pt>
File: /private/var/folders/yn/14y1l5z55b18j7j3zmfjkrd40000gn/T/Rtmp0cBAkV/previ
ew-184552981112.dir/flexplot_psychmeth_files/figure-latex/scatter-1.pdf Graphic
 file (type pdf)
<use /private/var/folders/yn/14y1l5z55b18j7j3zmfjkrd40000gn/T/Rtmp0cBAkV/previe
w-184552981112.dir/flexplot_psychmeth_files/figure-latex/scatter-1.pdf>
Package pdftex.def Info: /private/var/folders/yn/14y1l5z55b18j7j3zmfjkrd40000gn
/T/Rtmp0cBAkV/preview-184552981112.dir/flexplot_psychmeth_files/figure-latex/sc
atter-1.pdf  used on input line 62.
(pdftex.def)             Requested size: 413.5566pt x 156.58939pt.
</private/var/folders/yn/14y1l5z55b18j7j3zmfjkrd40000gn/T/Rtmp0cBAkV/preview-18
4552981112.dir/flexplot_psychmeth_files/figure-latex/logistic-1.pdf, id=371, 21
1.79124pt x 202.7575pt>
File: /private/var/folders/yn/14y1l5z55b18j7j3zmfjkrd40000gn/T/Rtmp0cBAkV/previ
ew-184552981112.dir/flexplot_psychmeth_files/figure-latex/logistic-1.pdf Graphi
c file (type pdf)
<use /private/var/folders/yn/14y1l5z55b18j7j3zmfjkrd40000gn/T/Rtmp0cBAkV/previe
w-184552981112.dir/flexplot_psychmeth_files/figure-latex/logistic-1.pdf>
Package pdftex.def Info: /private/var/folders/yn/14y1l5z55b18j7j3zmfjkrd40000gn
/T/Rtmp0cBAkV/preview-184552981112.dir/flexplot_psychmeth_files/figure-latex/lo
gistic-1.pdf  used on input line 72.
(pdftex.def)             Requested size: 211.79718pt x 202.76318pt.
</private/var/folders/yn/14y1l5z55b18j7j3zmfjkrd40000gn/T/Rtmp0cBAkV/preview-18
4552981112.dir/flexplot_psychmeth_files/figure-latex/association-1.pdf, id=372,
 236.885pt x 174.6525pt>
File: /private/var/folders/yn/14y1l5z55b18j7j3zmfjkrd40000gn/T/Rtmp0cBAkV/previ
ew-184552981112.dir/flexplot_psychmeth_files/figure-latex/association-1.pdf Gra
phic file (type pdf)
<use /private/var/folders/yn/14y1l5z55b18j7j3zmfjkrd40000gn/T/Rtmp0cBAkV/previe
w-184552981112.dir/flexplot_psychmeth_files/figure-latex/association-1.pdf>
Package pdftex.def Info: /private/var/folders/yn/14y1l5z55b18j7j3zmfjkrd40000gn
/T/Rtmp0cBAkV/preview-184552981112.dir/flexplot_psychmeth_files/figure-latex/as
sociation-1.pdf  used on input line 79.
(pdftex.def)             Requested size: 236.89163pt x 174.6574pt.
</private/var/folders/yn/14y1l5z55b18j7j3zmfjkrd40000gn/T/Rtmp0cBAkV/preview-18
4552981112.dir/flexplot_psychmeth_files/figure-latex/plant-1.pdf, id=373, 279.0
425pt x 207.77625pt>
File: /private/var/folders/yn/14y1l5z55b18j7j3zmfjkrd40000gn/T/Rtmp0cBAkV/previ
ew-184552981112.dir/flexplot_psychmeth_files/figure-latex/plant-1.pdf Graphic f
ile (type pdf)
<use /private/var/folders/yn/14y1l5z55b18j7j3zmfjkrd40000gn/T/Rtmp0cBAkV/previe
w-184552981112.dir/flexplot_psychmeth_files/figure-latex/plant-1.pdf>
Package pdftex.def Info: /private/var/folders/yn/14y1l5z55b18j7j3zmfjkrd40000gn
/T/Rtmp0cBAkV/preview-184552981112.dir/flexplot_psychmeth_files/figure-latex/pl
ant-1.pdf  used on input line 86.
(pdftex.def)             Requested size: 279.05032pt x 207.78206pt.
</private/var/folders/yn/14y1l5z55b18j7j3zmfjkrd40000gn/T/Rtmp0cBAkV/preview-18
4552981112.dir/flexplot_psychmeth_files/figure-latex/sample-1.pdf, id=374, 449.
68pt x 309.155pt>
File: /private/var/folders/yn/14y1l5z55b18j7j3zmfjkrd40000gn/T/Rtmp0cBAkV/previ
ew-184552981112.dir/flexplot_psychmeth_files/figure-latex/sample-1.pdf Graphic 
file (type pdf)
<use /private/var/folders/yn/14y1l5z55b18j7j3zmfjkrd40000gn/T/Rtmp0cBAkV/previe
w-184552981112.dir/flexplot_psychmeth_files/figure-latex/sample-1.pdf>
Package pdftex.def Info: /private/var/folders/yn/14y1l5z55b18j7j3zmfjkrd40000gn
/T/Rtmp0cBAkV/preview-184552981112.dir/flexplot_psychmeth_files/figure-latex/sa
mple-1.pdf  used on input line 93.
(pdftex.def)             Requested size: 449.69948pt x 309.16838pt.
</private/var/folders/yn/14y1l5z55b18j7j3zmfjkrd40000gn/T/Rtmp0cBAkV/preview-18
4552981112.dir/flexplot_psychmeth_files/figure-latex/avp-1.pdf, id=375, 351.312
5pt x 211.79124pt>
File: /private/var/folders/yn/14y1l5z55b18j7j3zmfjkrd40000gn/T/Rtmp0cBAkV/previ
ew-184552981112.dir/flexplot_psychmeth_files/figure-latex/avp-1.pdf Graphic fil
e (type pdf)
<use /private/var/folders/yn/14y1l5z55b18j7j3zmfjkrd40000gn/T/Rtmp0cBAkV/previe
w-184552981112.dir/flexplot_psychmeth_files/figure-latex/avp-1.pdf>
Package pdftex.def Info: /private/var/folders/yn/14y1l5z55b18j7j3zmfjkrd40000gn
/T/Rtmp0cBAkV/preview-184552981112.dir/flexplot_psychmeth_files/figure-latex/av
p-1.pdf  used on input line 100.
(pdftex.def)             Requested size: 351.32234pt x 211.79718pt.
</private/var/folders/yn/14y1l5z55b18j7j3zmfjkrd40000gn/T/Rtmp0cBAkV/preview-18
4552981112.dir/flexplot_psychmeth_files/figure-latex/avp-2.pdf, id=376, 351.312
5pt x 207.77625pt>
File: /private/var/folders/yn/14y1l5z55b18j7j3zmfjkrd40000gn/T/Rtmp0cBAkV/previ
ew-184552981112.dir/flexplot_psychmeth_files/figure-latex/avp-2.pdf Graphic fil
e (type pdf)
<use /private/var/folders/yn/14y1l5z55b18j7j3zmfjkrd40000gn/T/Rtmp0cBAkV/previe
w-184552981112.dir/flexplot_psychmeth_files/figure-latex/avp-2.pdf>
Package pdftex.def Info: /private/var/folders/yn/14y1l5z55b18j7j3zmfjkrd40000gn
/T/Rtmp0cBAkV/preview-184552981112.dir/flexplot_psychmeth_files/figure-latex/av
p-2.pdf  used on input line 107.
(pdftex.def)             Requested size: 351.3277pt x 207.78523pt.
</private/var/folders/yn/14y1l5z55b18j7j3zmfjkrd40000gn/T/Rtmp0cBAkV/preview-18
4552981112.dir/flexplot_psychmeth_files/figure-latex/avp-3.pdf, id=377, 351.312
5pt x 207.77625pt>
File: /private/var/folders/yn/14y1l5z55b18j7j3zmfjkrd40000gn/T/Rtmp0cBAkV/previ
ew-184552981112.dir/flexplot_psychmeth_files/figure-latex/avp-3.pdf Graphic fil
e (type pdf)
<use /private/var/folders/yn/14y1l5z55b18j7j3zmfjkrd40000gn/T/Rtmp0cBAkV/previe
w-184552981112.dir/flexplot_psychmeth_files/figure-latex/avp-3.pdf>
Package pdftex.def Info: /private/var/folders/yn/14y1l5z55b18j7j3zmfjkrd40000gn
/T/Rtmp0cBAkV/preview-184552981112.dir/flexplot_psychmeth_files/figure-latex/av
p-3.pdf  used on input line 114.
(pdftex.def)             Requested size: 351.3277pt x 207.78523pt.
</private/var/folders/yn/14y1l5z55b18j7j3zmfjkrd40000gn/T/Rtmp0cBAkV/preview-18
4552981112.dir/flexplot_psychmeth_files/figure-latex/symbols-1.pdf, id=378, 551
.05875pt x 269.005pt>
File: /private/var/folders/yn/14y1l5z55b18j7j3zmfjkrd40000gn/T/Rtmp0cBAkV/previ
ew-184552981112.dir/flexplot_psychmeth_files/figure-latex/symbols-1.pdf Graphic
 file (type pdf)
<use /private/var/folders/yn/14y1l5z55b18j7j3zmfjkrd40000gn/T/Rtmp0cBAkV/previe
w-184552981112.dir/flexplot_psychmeth_files/figure-latex/symbols-1.pdf>
Package pdftex.def Info: /private/var/folders/yn/14y1l5z55b18j7j3zmfjkrd40000gn
/T/Rtmp0cBAkV/preview-184552981112.dir/flexplot_psychmeth_files/figure-latex/sy
mbols-1.pdf  used on input line 121.
(pdftex.def)             Requested size: 469.77272pt x 229.32439pt.
</private/var/folders/yn/14y1l5z55b18j7j3zmfjkrd40000gn/T/Rtmp0cBAkV/preview-18
4552981112.dir/flexplot_psychmeth_files/figure-latex/panels-1.pdf, id=379, 568.
1225pt x 564.1075pt>
File: /private/var/folders/yn/14y1l5z55b18j7j3zmfjkrd40000gn/T/Rtmp0cBAkV/previ
ew-184552981112.dir/flexplot_psychmeth_files/figure-latex/panels-1.pdf Graphic 
file (type pdf)
<use /private/var/folders/yn/14y1l5z55b18j7j3zmfjkrd40000gn/T/Rtmp0cBAkV/previe
w-184552981112.dir/flexplot_psychmeth_files/figure-latex/panels-1.pdf>
Package pdftex.def Info: /private/var/folders/yn/14y1l5z55b18j7j3zmfjkrd40000gn
/T/Rtmp0cBAkV/preview-184552981112.dir/flexplot_psychmeth_files/figure-latex/pa
nels-1.pdf  used on input line 128.
(pdftex.def)             Requested size: 469.7731pt x 466.45316pt.
</private/var/folders/yn/14y1l5z55b18j7j3zmfjkrd40000gn/T/Rtmp0cBAkV/preview-18
4552981112.dir/flexplot_psychmeth_files/figure-latex/panels2-1.pdf, id=380, 561
.09625pt x 419.5675pt>
File: /private/var/folders/yn/14y1l5z55b18j7j3zmfjkrd40000gn/T/Rtmp0cBAkV/previ
ew-184552981112.dir/flexplot_psychmeth_files/figure-latex/panels2-1.pdf Graphic
 file (type pdf)
<use /private/var/folders/yn/14y1l5z55b18j7j3zmfjkrd40000gn/T/Rtmp0cBAkV/previe
w-184552981112.dir/flexplot_psychmeth_files/figure-latex/panels2-1.pdf>
Package pdftex.def Info: /private/var/folders/yn/14y1l5z55b18j7j3zmfjkrd40000gn
/T/Rtmp0cBAkV/preview-184552981112.dir/flexplot_psychmeth_files/figure-latex/pa
nels2-1.pdf  used on input line 135.
(pdftex.def)             Requested size: 469.75085pt x 351.26271pt.
</private/var/folders/yn/14y1l5z55b18j7j3zmfjkrd40000gn/T/Rtmp0cBAkV/preview-18
4552981112.dir/flexplot_psychmeth_files/figure-latex/ghost-1.pdf, id=381, 496.8
5625pt x 275.0275pt>
File: /private/var/folders/yn/14y1l5z55b18j7j3zmfjkrd40000gn/T/Rtmp0cBAkV/previ
ew-184552981112.dir/flexplot_psychmeth_files/figure-latex/ghost-1.pdf Graphic f
ile (type pdf)
<use /private/var/folders/yn/14y1l5z55b18j7j3zmfjkrd40000gn/T/Rtmp0cBAkV/previe
w-184552981112.dir/flexplot_psychmeth_files/figure-latex/ghost-1.pdf>
Package pdftex.def Info: /private/var/folders/yn/14y1l5z55b18j7j3zmfjkrd40000gn
/T/Rtmp0cBAkV/preview-184552981112.dir/flexplot_psychmeth_files/figure-latex/gh
ost-1.pdf  used on input line 145.
(pdftex.def)             Requested size: 375.81029pt x 208.02428pt.
</private/var/folders/yn/14y1l5z55b18j7j3zmfjkrd40000gn/T/Rtmp0cBAkV/preview-18
4552981112.dir/flexplot_psychmeth_files/figure-latex/threeway-1.pdf, id=382, 55
1.05875pt x 554.07pt>
File: /private/var/folders/yn/14y1l5z55b18j7j3zmfjkrd40000gn/T/Rtmp0cBAkV/previ
ew-184552981112.dir/flexplot_psychmeth_files/figure-latex/threeway-1.pdf Graphi
c file (type pdf)
<use /private/var/folders/yn/14y1l5z55b18j7j3zmfjkrd40000gn/T/Rtmp0cBAkV/previe
w-184552981112.dir/flexplot_psychmeth_files/figure-latex/threeway-1.pdf>
Package pdftex.def Info: /private/var/folders/yn/14y1l5z55b18j7j3zmfjkrd40000gn
/T/Rtmp0cBAkV/preview-184552981112.dir/flexplot_psychmeth_files/figure-latex/th
reeway-1.pdf  used on input line 155.
(pdftex.def)             Requested size: 469.77272pt x 472.3398pt.
</private/var/folders/yn/14y1l5z55b18j7j3zmfjkrd40000gn/T/Rtmp0cBAkV/preview-18
4552981112.dir/flexplot_psychmeth_files/figure-latex/ancova-1.pdf, id=383, 568.
1225pt x 566.115pt>
File: /private/var/folders/yn/14y1l5z55b18j7j3zmfjkrd40000gn/T/Rtmp0cBAkV/previ
ew-184552981112.dir/flexplot_psychmeth_files/figure-latex/ancova-1.pdf Graphic 
file (type pdf)
<use /private/var/folders/yn/14y1l5z55b18j7j3zmfjkrd40000gn/T/Rtmp0cBAkV/previe
w-184552981112.dir/flexplot_psychmeth_files/figure-latex/ancova-1.pdf>
Package pdftex.def Info: /private/var/folders/yn/14y1l5z55b18j7j3zmfjkrd40000gn
/T/Rtmp0cBAkV/preview-184552981112.dir/flexplot_psychmeth_files/figure-latex/an
cova-1.pdf  used on input line 162.
(pdftex.def)             Requested size: 469.7731pt x 468.11314pt.
</private/var/folders/yn/14y1l5z55b18j7j3zmfjkrd40000gn/T/Rtmp0cBAkV/preview-18
4552981112.dir/flexplot_psychmeth_files/figure-latex/ancova2-1.pdf, id=384, 452
.69125pt x 311.1625pt>
File: /private/var/folders/yn/14y1l5z55b18j7j3zmfjkrd40000gn/T/Rtmp0cBAkV/previ
ew-184552981112.dir/flexplot_psychmeth_files/figure-latex/ancova2-1.pdf Graphic
 file (type pdf)
<use /private/var/folders/yn/14y1l5z55b18j7j3zmfjkrd40000gn/T/Rtmp0cBAkV/previe
w-184552981112.dir/flexplot_psychmeth_files/figure-latex/ancova2-1.pdf>
Package pdftex.def Info: /private/var/folders/yn/14y1l5z55b18j7j3zmfjkrd40000gn
/T/Rtmp0cBAkV/preview-184552981112.dir/flexplot_psychmeth_files/figure-latex/an
cova2-1.pdf  used on input line 169.
(pdftex.def)             Requested size: 452.69014pt x 311.16174pt.
</private/var/folders/yn/14y1l5z55b18j7j3zmfjkrd40000gn/T/Rtmp0cBAkV/preview-18
4552981112.dir/flexplot_psychmeth_files/figure-latex/mixed-1.pdf, id=385, 453.6
95pt x 311.1625pt>
File: /private/var/folders/yn/14y1l5z55b18j7j3zmfjkrd40000gn/T/Rtmp0cBAkV/previ
ew-184552981112.dir/flexplot_psychmeth_files/figure-latex/mixed-1.pdf Graphic f
ile (type pdf)
<use /private/var/folders/yn/14y1l5z55b18j7j3zmfjkrd40000gn/T/Rtmp0cBAkV/previe
w-184552981112.dir/flexplot_psychmeth_files/figure-latex/mixed-1.pdf>
Package pdftex.def Info: /private/var/folders/yn/14y1l5z55b18j7j3zmfjkrd40000gn
/T/Rtmp0cBAkV/preview-184552981112.dir/flexplot_psychmeth_files/figure-latex/mi
xed-1.pdf  used on input line 176.
(pdftex.def)             Requested size: 453.6939pt x 311.16174pt.
</private/var/folders/yn/14y1l5z55b18j7j3zmfjkrd40000gn/T/Rtmp0cBAkV/preview-18
4552981112.dir/flexplot_psychmeth_files/figure-latex/compare-1.pdf, id=386, 561
.09625pt x 311.1625pt>
File: /private/var/folders/yn/14y1l5z55b18j7j3zmfjkrd40000gn/T/Rtmp0cBAkV/previ
ew-184552981112.dir/flexplot_psychmeth_files/figure-latex/compare-1.pdf Graphic
 file (type pdf)
<use /private/var/folders/yn/14y1l5z55b18j7j3zmfjkrd40000gn/T/Rtmp0cBAkV/previe
w-184552981112.dir/flexplot_psychmeth_files/figure-latex/compare-1.pdf>
Package pdftex.def Info: /private/var/folders/yn/14y1l5z55b18j7j3zmfjkrd40000gn
/T/Rtmp0cBAkV/preview-184552981112.dir/flexplot_psychmeth_files/figure-latex/co
mpare-1.pdf  used on input line 183.
(pdftex.def)             Requested size: 469.75085pt x 260.50584pt.
)
Package atveryend Info: Empty hook `BeforeClearDocument' on input line 1142.
[37


 <./images/smiley.png>] [38 </private/var/folders/yn/14y1l5z55b18j7j3zmfjkrd400
00gn/T/Rtmp0cBAkV/preview-184552981112.dir/flexplot_psychmeth_files/figure-late
x/ses-1.pdf>] [39 <./images/flexplot_diagram.jpg>] [40 </private/var/folders/yn
/14y1l5z55b18j7j3zmfjkrd40000gn/T/Rtmp0cBAkV/preview-184552981112.dir/flexplot_
psychmeth_files/figure-latex/bar-1.pdf>] [41 </private/var/folders/yn/14y1l5z55
b18j7j3zmfjkrd40000gn/T/Rtmp0cBAkV/preview-184552981112.dir/flexplot_psychmeth_
files/figure-latex/chunkit-1.pdf>] [42 </private/var/folders/yn/14y1l5z55b18j7j
3zmfjkrd40000gn/T/Rtmp0cBAkV/preview-184552981112.dir/flexplot_psychmeth_files/
figure-latex/raw-1.pdf> </private/var/folders/yn/14y1l5z55b18j7j3zmfjkrd40000gn
/T/Rtmp0cBAkV/preview-184552981112.dir/flexplot_psychmeth_files/figure-latex/ji
tterit-1.pdf>] [43 </private/var/folders/yn/14y1l5z55b18j7j3zmfjkrd40000gn/T/Rt
mp0cBAkV/preview-184552981112.dir/flexplot_psychmeth_files/figure-latex/scatter
-1.pdf> </private/var/folders/yn/14y1l5z55b18j7j3zmfjkrd40000gn/T/Rtmp0cBAkV/pr
eview-184552981112.dir/flexplot_psychmeth_files/figure-latex/logistic-1.pdf>] [
44 </private/var/folders/yn/14y1l5z55b18j7j3zmfjkrd40000gn/T/Rtmp0cBAkV/preview
-184552981112.dir/flexplot_psychmeth_files/figure-latex/association-1.pdf> </pr
ivate/var/folders/yn/14y1l5z55b18j7j3zmfjkrd40000gn/T/Rtmp0cBAkV/preview-184552
981112.dir/flexplot_psychmeth_files/figure-latex/plant-1.pdf>] [45 </private/va
r/folders/yn/14y1l5z55b18j7j3zmfjkrd40000gn/T/Rtmp0cBAkV/preview-184552981112.d
ir/flexplot_psychmeth_files/figure-latex/sample-1.pdf>] [46 </private/var/folde
rs/yn/14y1l5z55b18j7j3zmfjkrd40000gn/T/Rtmp0cBAkV/preview-184552981112.dir/flex
plot_psychmeth_files/figure-latex/avp-1.pdf> </private/var/folders/yn/14y1l5z55
b18j7j3zmfjkrd40000gn/T/Rtmp0cBAkV/preview-184552981112.dir/flexplot_psychmeth_
files/figure-latex/avp-2.pdf>] [47 </private/var/folders/yn/14y1l5z55b18j7j3zmf
jkrd40000gn/T/Rtmp0cBAkV/preview-184552981112.dir/flexplot_psychmeth_files/figu
re-latex/avp-3.pdf> </private/var/folders/yn/14y1l5z55b18j7j3zmfjkrd40000gn/T/R
tmp0cBAkV/preview-184552981112.dir/flexplot_psychmeth_files/figure-latex/symbol
s-1.pdf>] [48 </private/var/folders/yn/14y1l5z55b18j7j3zmfjkrd40000gn/T/Rtmp0cB
AkV/preview-184552981112.dir/flexplot_psychmeth_files/figure-latex/panels-1.pdf
>] [49 </private/var/folders/yn/14y1l5z55b18j7j3zmfjkrd40000gn/T/Rtmp0cBAkV/pre
view-184552981112.dir/flexplot_psychmeth_files/figure-latex/panels2-1.pdf>] [50
 </private/var/folders/yn/14y1l5z55b18j7j3zmfjkrd40000gn/T/Rtmp0cBAkV/preview-1
84552981112.dir/flexplot_psychmeth_files/figure-latex/ghost-1.pdf>] [51 </priva
te/var/folders/yn/14y1l5z55b18j7j3zmfjkrd40000gn/T/Rtmp0cBAkV/preview-184552981
112.dir/flexplot_psychmeth_files/figure-latex/threeway-1.pdf>] [52 </private/va
r/folders/yn/14y1l5z55b18j7j3zmfjkrd40000gn/T/Rtmp0cBAkV/preview-184552981112.d
ir/flexplot_psychmeth_files/figure-latex/ancova-1.pdf>] [53 </private/var/folde
rs/yn/14y1l5z55b18j7j3zmfjkrd40000gn/T/Rtmp0cBAkV/preview-184552981112.dir/flex
plot_psychmeth_files/figure-latex/ancova2-1.pdf>] [54 </private/var/folders/yn/
14y1l5z55b18j7j3zmfjkrd40000gn/T/Rtmp0cBAkV/preview-184552981112.dir/flexplot_p
sychmeth_files/figure-latex/mixed-1.pdf>] [55 </private/var/folders/yn/14y1l5z5
5b18j7j3zmfjkrd40000gn/T/Rtmp0cBAkV/preview-184552981112.dir/flexplot_psychmeth
_files/figure-latex/compare-1.pdf>]
Package atveryend Info: Empty hook `AfterLastShipout' on input line 1142.
(./flexplot_psychmeth.aux)
Package atveryend Info: Executing hook `AtVeryEndDocument' on input line 1142.
Package atveryend Info: Empty hook `AtEndAfterFileList' on input line 1142.

LaTeX Warning: There were multiply-defined labels.

 ) 
Here is how much of TeX's memory you used:
 17527 strings out of 480608
 277101 string characters out of 5903631
 590168 words of memory out of 5000000
 32739 multiletter control sequences out of 15000+600000
 618395 words of font info for 156 fonts, out of 8000000 for 9000
 1141 hyphenation exceptions out of 8191
 49i,12n,51p,2350b,545s stack positions out of 5000i,500n,10000p,200000b,80000s
{/usr/local/texlive/2020/texmf-dist/fonts/enc/dvips/lm/lm-ts1.enc}{/usr/local
/texlive/2020/texmf-dist/fonts/enc/dvips/lm/lm-rm.enc}{/usr/local/texlive/2020/
texmf-dist/fonts/enc/dvips/lm/lm-ec.enc}{/usr/local/texlive/2020/texmf-dist/fon
ts/enc/dvips/lm/lm-mathit.enc}</usr/local/texlive/2020/texmf-dist/fonts/type1/p
ublic/lm/lmbx12.pfb></usr/local/texlive/2020/texmf-dist/fonts/type1/public/lm/l
mmi12.pfb></usr/local/texlive/2020/texmf-dist/fonts/type1/public/lm/lmr10.pfb><
/usr/local/texlive/2020/texmf-dist/fonts/type1/public/lm/lmr12.pfb></usr/local/
texlive/2020/texmf-dist/fonts/type1/public/lm/lmr7.pfb></usr/local/texlive/2020
/texmf-dist/fonts/type1/public/lm/lmr8.pfb></usr/local/texlive/2020/texmf-dist/
fonts/type1/public/lm/lmri10.pfb></usr/local/texlive/2020/texmf-dist/fonts/type
1/public/lm/lmri12.pfb></usr/local/texlive/2020/texmf-dist/fonts/type1/public/l
m/lmtk10.pfb></usr/local/texlive/2020/texmf-dist/fonts/type1/public/lm/lmtt10.p
fb></usr/local/texlive/2020/texmf-dist/fonts/type1/public/lm/lmtt12.pfb></usr/l
ocal/texlive/2020/texmf-dist/fonts/type1/public/lm/lmtti10.pfb>
Output written on flexplot_psychmeth.pdf (55 pages, 2652882 bytes).
PDF statistics:
 889 PDF objects out of 1000 (max. 8388607)
 743 compressed objects within 8 object streams
 184 named destinations out of 1000 (max. 500000)
 14673 words of extra memory for PDF output out of 17280 (max. 10000000)

